# JRE version: OpenJDK Runtime Environment (23.0+37) (build 23+37-2369)
# Java VM: OpenJDK 64-Bit Server VM (23+37-2369, mixed mode, tiered, compressed oops, compressed class ptrs, g1 gc, windows-amd64)
GC Precious Log:
 CardTable entry size: 512
 Card Set container configuration: InlinePtr #cards 4 size 8 Array Of Cards #cards 16 size 48 Howl #buckets 8 coarsen threshold 3686 Howl Bitmap #cards 512 size 80 coarsen threshold 460 Card regions per heap region 1 cards per card region 4096
 CPUs: 16 total, 16 available
 Memory: 15775M
 Large Page Support: Disabled
 NUMA Support: Disabled
 Compressed Oops: Enabled (Zero based)
 Heap Region Size: 2M
 Heap Min Capacity: 8M
 Heap Initial Capacity: 248M
 Heap Max Capacity: 3944M
 Pre-touch: Disabled
 Parallel Workers: 13
 Concurrent Workers: 3
 Concurrent Refinement Workers: 13
 Periodic GC: Disabled
Heap:
 garbage-first heap   total reserved 4038656K, committed 28672K, used 17730K [0x00000004dba00000, 0x00000005d2200000)
  region size 2048K, 5 young (10240K), 1 survivors (2048K)
 Metaspace       used 25290K, committed 25600K, reserved 1114112K
  class space    used 3019K, committed 3136K, reserved 1048576K
GC Heap History (7 events):
Event: 0.613 GC heap before
{Heap before GC invocations=0 (full 0):
 garbage-first heap   total reserved 4038656K, committed 253952K, used 16384K [0x00000004dba00000, 0x00000005d2200000)
  region size 2048K, 9 young (18432K), 0 survivors (0K)
 Metaspace       used 21186K, committed 21504K, reserved 1114112K
  class space    used 2625K, committed 2752K, reserved 1048576K
}
Event: 0.616 GC heap after
{Heap after GC invocations=1 (full 0):
 garbage-first heap   total reserved 4038656K, committed 253952K, used 4861K [0x00000004dba00000, 0x00000005d2200000)
  region size 2048K, 2 young (4096K), 2 survivors (4096K)
 Metaspace       used 21186K, committed 21504K, reserved 1114112K
  class space    used 2625K, committed 2752K, reserved 1048576K
}
Event: 7.836 GC heap before
{Heap before GC invocations=2 (full 0):
 garbage-first heap   total reserved 4038656K, committed 20480K, used 19197K [0x00000004dba00000, 0x00000005d2200000)
  region size 2048K, 8 young (16384K), 2 survivors (4096K)
 Metaspace       used 24912K, committed 25216K, reserved 1114112K
  class space    used 3017K, committed 3136K, reserved 1048576K
}
Event: 7.839 GC heap after
{Heap after GC invocations=3 (full 0):
 garbage-first heap   total reserved 4038656K, committed 28672K, used 8915K [0x00000004dba00000, 0x00000005d2200000)
  region size 2048K, 1 young (2048K), 1 survivors (2048K)
 Metaspace       used 24912K, committed 25216K, reserved 1114112K
  class space    used 3017K, committed 3136K, reserved 1048576K
}
Event: 13.452 GC heap before
{Heap before GC invocations=3 (full 0):
 garbage-first heap   total reserved 4038656K, committed 28672K, used 17107K [0x00000004dba00000, 0x00000005d2200000)
  region size 2048K, 5 young (10240K), 1 survivors (2048K)
 Metaspace       used 25174K, committed 25536K, reserved 1114112K
  class space    used 3017K, committed 3136K, reserved 1048576K
}
Event: 13.453 GC heap after
{Heap after GC invocations=4 (full 0):
 garbage-first heap   total reserved 4038656K, committed 28672K, used 9538K [0x00000004dba00000, 0x00000005d2200000)
  region size 2048K, 1 young (2048K), 1 survivors (2048K)
 Metaspace       used 25174K, committed 25536K, reserved 1114112K
  class space    used 3017K, committed 3136K, reserved 1048576K
}
Event: 18.450 GC heap before
{Heap before GC invocations=4 (full 0):
 garbage-first heap   total reserved 4038656K, committed 28672K, used 17730K [0x00000004dba00000, 0x00000005d2200000)
  region size 2048K, 5 young (10240K), 1 survivors (2048K)
 Metaspace       used 25290K, committed 25600K, reserved 1114112K
  class space    used 3019K, committed 3136K, reserved 1048576K
}

